<?xml version="1.0" encoding="UTF-8"?>
<configuration>
    <containerName>test</containerName>
    <imageName>springboot</imageName>
    <internalPort>8080</internalPort>
    <externalPort>25000</externalPort>
    <enableCliOutput>true</enableCliOutput>
    <dockerfileDirectory>src/test/resources</dockerfileDirectory>
    <additionalContainerRunParams>
        <param>-e MY_PARAM=1</param>
        <param>--ip 192.168.1.100</param>
    </additionalContainerRunParams>
</configuration>