<?xml version="1.0" encoding="UTF-8"?>
<configuration>
    <containerName>X</containerName>
    <imageName>Y</imageName>
    <internalPort>8080</internalPort>
    <externalPort>25000</externalPort>
    <enableCliOutput>true</enableCliOutput>
    <failOnError>true</failOnError>
</configuration>