<project xmlns="http://maven.apache.org/POM/4.0.0"
         xmlns:xsi="http://www.w3.org/2001/XMLSchema-instance"
         xsi:schemaLocation="http://maven.apache.org/POM/4.0.0 http://maven.apache.org/xsd/maven-4.0.0.xsd">
    <modelVersion>4.0.0</modelVersion>
    <artifactId>test</artifactId>

    <dependencies>
        <dependency>
            <groupId>junit</groupId>
            <artifactId>junit</artifactId>
            <version>3.8.1</version>
            <scope>test</scope>
        </dependency>
    </dependencies>

    <build>
        <plugins>
            <plugin>
                <groupId>org.retal</groupId>
                <artifactId>docker-maven-plugin</artifactId>
                <version>[0.000.000; 999.999.999]</version>
                <executions>
                    <execution>
                        <goals>
                            <goal>docker-update-container</goal>
                        </goals>
                        <configuration>
                            <containerName>test</containerName>
                            <imageName>springboot</imageName>
                            <internalPort>8080</internalPort>
                            <externalPort>80</externalPort>
                            <enableCliOutput>true</enableCliOutput>
                        </configuration>
                    </execution>
                </executions>
            </plugin>
        </plugins>
    </build>
</project>